<?xml version="1.0" encoding="UTF-8"?>
<!-- Generated by org.testng.reporters.JUnitReportReporter -->
<testsuite hostname="DESKTOP-SJNPATC" failures="0" tests="3" name="com.sri.browserTest.TestID_01_A_Navigate_to_XERO" time="21.596" errors="0" timestamp="18 Oct 2020 21:50:04 GMT" skipped="0">
  <testcase classname="com.sri.browserTest.TestID_01_A_Navigate_to_XERO" name="launchPageTest" time="0.127"/>
  <testcase classname="com.sri.browserTest.TestID_01_A_Navigate_to_XERO" name="logintest" time="21.416"/>
  <testcase classname="com.sri.browserTest.TestID_01_A_Navigate_to_XERO" name="HomePageTest" time="0.053"/>
</testsuite> <!-- com.sri.browserTest.TestID_01_A_Navigate_to_XERO -->
