<?xml version="1.0" encoding="UTF-8"?>
<!-- Generated by org.testng.reporters.JUnitReportReporter -->
<testsuite hostname="DESKTOP-SJNPATC" failures="0" tests="3" name="com.sri.browserTest.TestID_02_A_SignUp_to_XDC" time="31.940" errors="0" timestamp="19 Oct 2020 19:39:11 GMT" skipped="0">
  <testcase classname="com.sri.browserTest.TestID_02_A_SignUp_to_XDC" name="launchPageTest" time="0.065"/>
  <testcase classname="com.sri.browserTest.TestID_02_A_SignUp_to_XDC" name="FreeTrialPageTest" time="3.565"/>
  <testcase classname="com.sri.browserTest.TestID_02_A_SignUp_to_XDC" name="FillTrialPageTest" time="28.310"/>
</testsuite> <!-- com.sri.browserTest.TestID_02_A_SignUp_to_XDC -->
