<?xml version="1.0" encoding="UTF-8"?>
<!-- Generated by org.testng.reporters.JUnitReportReporter -->
<testsuite hostname="DESKTOP-SJNPATC" failures="0" tests="3" name="com.sri.browserTest.TestID_01_C_Incorrect_Email" time="16.097" errors="0" timestamp="19 Oct 2020 19:28:20 GMT" skipped="0">
  <testcase classname="com.sri.browserTest.TestID_01_C_Incorrect_Email" name="launchPageTest" time="0.049"/>
  <testcase classname="com.sri.browserTest.TestID_01_C_Incorrect_Email" name="logintest" time="15.954"/>
  <testcase classname="com.sri.browserTest.TestID_01_C_Incorrect_Email" name="ErrorMsgTest" time="0.094"/>
</testsuite> <!-- com.sri.browserTest.TestID_01_C_Incorrect_Email -->
