<?xml version="1.0" encoding="UTF-8"?>
<!-- Generated by org.testng.reporters.JUnitReportReporter -->
<testsuite hostname="DESKTOP-SJNPATC" failures="0" tests="4" name="com.sri.browserTest.TestID_01_D_Forgot_PassWord" time="15.997" errors="0" timestamp="19 Oct 2020 19:31:55 GMT" skipped="0">
  <testcase classname="com.sri.browserTest.TestID_01_D_Forgot_PassWord" name="launchPageTest" time="3.321"/>
  <testcase classname="com.sri.browserTest.TestID_01_D_Forgot_PassWord" name="ResetPasswordTest" time="4.230"/>
  <testcase classname="com.sri.browserTest.TestID_01_D_Forgot_PassWord" name="ResetMsgValidation" time="0.127"/>
  <testcase classname="com.sri.browserTest.TestID_01_D_Forgot_PassWord" name="ResetMsgTest" time="8.319"/>
</testsuite> <!-- com.sri.browserTest.TestID_01_D_Forgot_PassWord -->
