<?xml version="1.0" encoding="UTF-8"?>
<!-- Generated by org.testng.reporters.JUnitReportReporter -->
<testsuite hostname="DESKTOP-SJNPATC" failures="0" tests="3" name="com.sri.browserTest.TestID_01_B_Incorrect_Password" time="15.774" errors="0" timestamp="19 Oct 2020 19:19:52 GMT" skipped="0">
  <testcase classname="com.sri.browserTest.TestID_01_B_Incorrect_Password" name="launchPageTest" time="0.108"/>
  <testcase classname="com.sri.browserTest.TestID_01_B_Incorrect_Password" name="logintest" time="15.532"/>
  <testcase classname="com.sri.browserTest.TestID_01_B_Incorrect_Password" name="ErrorMsgTest" time="0.134"/>
</testsuite> <!-- com.sri.browserTest.TestID_01_B_Incorrect_Password -->
